<persistence xmlns="http://java.sun.com/xml/ns/persistence"
             xmlns:xsi="http://www.w3.org/2001/XMLSchema-instance"
             xsi:schemaLocation="http://java.sun.com/xml/ns/persistence http://java.sun.com/xml/ns/persistence/persistence_2_0.xsd"
             version="2.0">

    <persistence-unit name="test2" transaction-type="RESOURCE_LOCAL">
        <!--<provider>org.hibernate.ejb.HibernatePersistence</provider>-->
        <!--        <provider>org.hibernate.jpa.HibernatePersistenceProvider</provider>-->
        <class>by.news.service.daojpa.pojos.User</class>
        <class>by.news.service.daojpa.pojos.UserDetail</class>
        <class>by.news.service.daojpa.pojos.News</class>
        <class>by.news.service.daojpa.pojos.Role</class>
        <class>by.news.service.daojpa.pojos.Tag</class>
        <properties>
            <property name="hibernate.dialect" value="org.hibernate.dialect.MySQLDialect"/>
            <property name="hibernate.connection.url" value="jdbc:mysql://localhost:3306/daoh_test"/>
            <property name="hibernate.connection.driver_class" value="com.mysql.jdbc.Driver"/>
            <property name="hibernate.connection.username" value="root"/>
            <property name="hibernate.connection.password" value="admin123"/>
            <property name="hibernate.connection.pool_size" value="10"/>
            <property name="hibernate.show_sql" value="true"/>
            <property name="hibernate.format_sql" value="true"/>
            <property name="hibernate.connection.autocommit" value="false"/>
            <!--<property name="hibernate.current_session_context_class" value = "thread"/>-->
            <!--<property name="hibernate.connection.isolation" value="2" />-->
            <!--<property name="hibernate.connection.provider_class" value="org.hibernate.connection.DriverManagerConnectionProvider"/>-->
        </properties>

    </persistence-unit>
</persistence>